{"timestamp": "2025-04-09T08:05:05.316869", "level": "INFO", "message": "Iniziando seed del database...", "module": "seed", "function": "seed_database", "line": 15, "filename": "seed.py", "stack_info": null, "created": 1744185905.316692, "taskName": null, "asctime": "2025-04-09 10:05:05,316"}
{"timestamp": "2025-04-09T08:05:34.914437", "level": "INFO", "message": "Iniziando seed del database...", "module": "seed", "function": "seed_database", "line": 15, "filename": "seed.py", "stack_info": null, "created": 1744185934.9142516, "taskName": null, "asctime": "2025-04-09 10:05:34,914"}
{"timestamp": "2025-04-09T08:05:57.790967", "level": "INFO", "message": "Iniziando seed del database...", "module": "seed", "function": "seed_database", "line": 15, "filename": "seed.py", "stack_info": null, "created": 1744185957.7907407, "taskName": null, "asctime": "2025-04-09 10:05:57,790"}
{"timestamp": "2025-04-09T08:06:17.494105", "level": "INFO", "message": "Iniziando seed del database...", "module": "seed", "function": "seed_database", "line": 15, "filename": "seed.py", "stack_info": null, "created": 1744185977.49394, "taskName": null, "asctime": "2025-04-09 10:06:17,493"}
{"timestamp": "2025-04-09T08:06:50.890443", "level": "INFO", "message": "Iniziando seed del database...", "module": "seed", "function": "seed_database", "line": 15, "filename": "seed.py", "stack_info": null, "created": 1744186010.8902218, "taskName": null, "asctime": "2025-04-09 10:06:50,890"}
{"timestamp": "2025-04-09T08:15:09.415133", "level": "INFO", "message": "Iniziando seed del database...", "module": "seed", "function": "seed_database", "line": 14, "filename": "seed.py", "stack_info": null, "created": 1744186509.4148982, "taskName": null, "asctime": "2025-04-09 10:15:09,414"}
{"timestamp": "2025-04-09T08:15:34.083104", "level": "INFO", "message": "Iniziando seed del database...", "module": "seed", "function": "seed_database", "line": 14, "filename": "seed.py", "stack_info": null, "created": 1744186534.0829108, "taskName": null, "asctime": "2025-04-09 10:15:34,082"}
{"timestamp": "2025-04-09T08:15:35.701264", "level": "INFO", "message": "Iniziando seed del database...", "module": "seed", "function": "seed_database", "line": 14, "filename": "seed.py", "stack_info": null, "created": 1744186535.7010686, "taskName": null, "asctime": "2025-04-09 10:15:35,701"}
{"timestamp": "2025-04-09T08:16:55.496561", "level": "INFO", "message": "Iniziando seed del database...", "module": "seed", "function": "seed_database", "line": 14, "filename": "seed.py", "stack_info": null, "created": 1744186615.4963517, "taskName": null, "asctime": "2025-04-09 10:16:55,496"}
{"timestamp": "2025-04-09T08:16:55.518793", "level": "INFO", "message": "Creazione utente admin...", "module": "seed", "function": "seed_database", "line": 18, "filename": "seed.py", "stack_info": null, "created": 1744186615.5185795, "taskName": null, "asctime": "2025-04-09 10:16:55,518"}
{"timestamp": "2025-04-09T08:16:55.819181", "level": "INFO", "message": "Creazione piani di abbonamento...", "module": "seed", "function": "seed_database", "line": 31, "filename": "seed.py", "stack_info": null, "created": 1744186615.8190024, "taskName": null, "asctime": "2025-04-09 10:16:55,819"}
{"timestamp": "2025-04-09T08:16:55.824577", "level": "INFO", "message": "Creazione categorie...", "module": "seed", "function": "seed_database", "line": 121, "filename": "seed.py", "stack_info": null, "created": 1744186615.8244262, "taskName": null, "asctime": "2025-04-09 10:16:55,824"}
{"timestamp": "2025-04-09T08:16:55.846636", "level": "INFO", "message": "Creazione design di esempio...", "module": "seed", "function": "seed_database", "line": 234, "filename": "seed.py", "stack_info": null, "created": 1744186615.8464327, "taskName": null, "asctime": "2025-04-09 10:16:55,846"}
{"timestamp": "2025-04-09T08:16:55.851693", "level": "INFO", "message": "Creazione immagini placeholder per design...", "module": "seed", "function": "seed_database", "line": 293, "filename": "seed.py", "stack_info": null, "created": 1744186615.851509, "taskName": null, "asctime": "2025-04-09 10:16:55,851"}
{"timestamp": "2025-04-09T08:16:55.853402", "level": "INFO", "message": "Seed del database completato!", "module": "seed", "function": "seed_database", "line": 317, "filename": "seed.py", "stack_info": null, "created": 1744186615.8532243, "taskName": null, "asctime": "2025-04-09 10:16:55,853"}
{"timestamp": "2025-04-09T08:17:05.080379", "level": "INFO", "message": "Iniziando seed del database...", "module": "seed", "function": "seed_database", "line": 14, "filename": "seed.py", "stack_info": null, "created": 1744186625.080184, "taskName": null, "asctime": "2025-04-09 10:17:05,080"}
{"timestamp": "2025-04-09T08:17:05.131534", "level": "INFO", "message": "Seed del database completato!", "module": "seed", "function": "seed_database", "line": 317, "filename": "seed.py", "stack_info": null, "created": 1744186625.1313226, "taskName": null, "asctime": "2025-04-09 10:17:05,131"}
{"timestamp": "2025-04-09T08:19:33.576933", "level": "INFO", "message": "Iniziando seed del database...", "module": "seed", "function": "seed_database", "line": 14, "filename": "seed.py", "stack_info": null, "created": 1744186773.5765576, "taskName": null, "asctime": "2025-04-09 10:19:33,576"}
{"timestamp": "2025-04-09T08:19:33.599209", "level": "INFO", "message": "Creazione utente admin...", "module": "seed", "function": "seed_database", "line": 18, "filename": "seed.py", "stack_info": null, "created": 1744186773.598946, "taskName": null, "asctime": "2025-04-09 10:19:33,598"}
{"timestamp": "2025-04-09T08:19:33.889307", "level": "INFO", "message": "Creazione piani di abbonamento...", "module": "seed", "function": "seed_database", "line": 31, "filename": "seed.py", "stack_info": null, "created": 1744186773.8890953, "taskName": null, "asctime": "2025-04-09 10:19:33,889"}
{"timestamp": "2025-04-09T08:19:33.895393", "level": "INFO", "message": "Creazione categorie...", "module": "seed", "function": "seed_database", "line": 121, "filename": "seed.py", "stack_info": null, "created": 1744186773.8952339, "taskName": null, "asctime": "2025-04-09 10:19:33,895"}
{"timestamp": "2025-04-09T08:19:33.918802", "level": "INFO", "message": "Creazione design di esempio...", "module": "seed", "function": "seed_database", "line": 234, "filename": "seed.py", "stack_info": null, "created": 1744186773.91857, "taskName": null, "asctime": "2025-04-09 10:19:33,918"}
{"timestamp": "2025-04-09T08:19:33.924125", "level": "INFO", "message": "Creazione immagini placeholder per design...", "module": "seed", "function": "seed_database", "line": 293, "filename": "seed.py", "stack_info": null, "created": 1744186773.9239285, "taskName": null, "asctime": "2025-04-09 10:19:33,923"}
{"timestamp": "2025-04-09T08:19:33.925497", "level": "INFO", "message": "Seed del database completato!", "module": "seed", "function": "seed_database", "line": 317, "filename": "seed.py", "stack_info": null, "created": 1744186773.9253492, "taskName": null, "asctime": "2025-04-09 10:19:33,925"}
{"timestamp": "2025-04-09T08:19:34.525164", "level": "INFO", "message": "Iniziando seed del database...", "module": "seed", "function": "seed_database", "line": 14, "filename": "seed.py", "stack_info": null, "created": 1744186774.524947, "taskName": null, "asctime": "2025-04-09 10:19:34,524"}
{"timestamp": "2025-04-09T08:19:34.571985", "level": "INFO", "message": "Seed del database completato!", "module": "seed", "function": "seed_database", "line": 317, "filename": "seed.py", "stack_info": null, "created": 1744186774.5718212, "taskName": null, "asctime": "2025-04-09 10:19:34,571"}
{"timestamp": "2025-04-09T08:19:34.621050", "level": "INFO", "message": "Iniziando seed del database...", "module": "seed", "function": "seed_database", "line": 14, "filename": "seed.py", "stack_info": null, "created": 1744186774.6208353, "taskName": "Task-1", "asctime": "2025-04-09 10:19:34,620"}
{"timestamp": "2025-04-09T08:19:34.621184", "level": "INFO", "message": "Iniziando seed del database...", "module": "seed", "function": "seed_database", "line": 14, "filename": "seed.py", "stack_info": null, "created": 1744186774.6208353, "taskName": "Task-1", "asctime": "2025-04-09 10:19:34,620"}
{"timestamp": "2025-04-09T08:19:34.623948", "level": "INFO", "message": "Seed del database completato!", "module": "seed", "function": "seed_database", "line": 317, "filename": "seed.py", "stack_info": null, "created": 1744186774.6237662, "taskName": "Task-1", "asctime": "2025-04-09 10:19:34,623"}
{"timestamp": "2025-04-09T08:19:34.624181", "level": "INFO", "message": "Seed del database completato!", "module": "seed", "function": "seed_database", "line": 317, "filename": "seed.py", "stack_info": null, "created": 1744186774.6237662, "taskName": "Task-1", "asctime": "2025-04-09 10:19:34,623"}
{"timestamp": "2025-04-09T08:35:37.468170", "level": "INFO", "message": "Iniziando seed del database...", "module": "seed", "function": "seed_database", "line": 14, "filename": "seed.py", "stack_info": null, "created": 1744187737.4679017, "taskName": null, "asctime": "2025-04-09 10:35:37,467"}
{"timestamp": "2025-04-09T08:35:37.532735", "level": "INFO", "message": "Seed del database completato!", "module": "seed", "function": "seed_database", "line": 317, "filename": "seed.py", "stack_info": null, "created": 1744187737.5325086, "taskName": null, "asctime": "2025-04-09 10:35:37,532"}
{"timestamp": "2025-04-09T08:35:37.604297", "level": "INFO", "message": "Iniziando seed del database...", "module": "seed", "function": "seed_database", "line": 14, "filename": "seed.py", "stack_info": null, "created": 1744187737.6041052, "taskName": "Task-1", "asctime": "2025-04-09 10:35:37,604"}
{"timestamp": "2025-04-09T08:35:37.604442", "level": "INFO", "message": "Iniziando seed del database...", "module": "seed", "function": "seed_database", "line": 14, "filename": "seed.py", "stack_info": null, "created": 1744187737.6041052, "taskName": "Task-1", "asctime": "2025-04-09 10:35:37,604"}
{"timestamp": "2025-04-09T08:35:37.607161", "level": "INFO", "message": "Seed del database completato!", "module": "seed", "function": "seed_database", "line": 317, "filename": "seed.py", "stack_info": null, "created": 1744187737.6070092, "taskName": "Task-1", "asctime": "2025-04-09 10:35:37,607"}
{"timestamp": "2025-04-09T08:35:37.607246", "level": "INFO", "message": "Seed del database completato!", "module": "seed", "function": "seed_database", "line": 317, "filename": "seed.py", "stack_info": null, "created": 1744187737.6070092, "taskName": "Task-1", "asctime": "2025-04-09 10:35:37,607"}
{"timestamp": "2025-04-09T08:36:23.677360", "level": "INFO", "message": "Iniziando seed del database...", "module": "seed", "function": "seed_database", "line": 14, "filename": "seed.py", "stack_info": null, "created": 1744187783.6771708, "taskName": null, "asctime": "2025-04-09 10:36:23,677"}
{"timestamp": "2025-04-09T08:36:23.719321", "level": "INFO", "message": "Seed del database completato!", "module": "seed", "function": "seed_database", "line": 317, "filename": "seed.py", "stack_info": null, "created": 1744187783.7191572, "taskName": null, "asctime": "2025-04-09 10:36:23,719"}
{"timestamp": "2025-04-09T08:36:23.768683", "level": "INFO", "message": "Iniziando seed del database...", "module": "seed", "function": "seed_database", "line": 14, "filename": "seed.py", "stack_info": null, "created": 1744187783.7684708, "taskName": "Task-1", "asctime": "2025-04-09 10:36:23,768"}
{"timestamp": "2025-04-09T08:36:23.768795", "level": "INFO", "message": "Iniziando seed del database...", "module": "seed", "function": "seed_database", "line": 14, "filename": "seed.py", "stack_info": null, "created": 1744187783.7684708, "taskName": "Task-1", "asctime": "2025-04-09 10:36:23,768"}
{"timestamp": "2025-04-09T08:36:23.770796", "level": "INFO", "message": "Seed del database completato!", "module": "seed", "function": "seed_database", "line": 317, "filename": "seed.py", "stack_info": null, "created": 1744187783.7705672, "taskName": "Task-1", "asctime": "2025-04-09 10:36:23,770"}
{"timestamp": "2025-04-09T08:36:23.770868", "level": "INFO", "message": "Seed del database completato!", "module": "seed", "function": "seed_database", "line": 317, "filename": "seed.py", "stack_info": null, "created": 1744187783.7705672, "taskName": "Task-1", "asctime": "2025-04-09 10:36:23,770"}
{"timestamp": "2025-04-09T08:36:40.016846", "level": "INFO", "message": "Iniziando seed del database...", "module": "seed", "function": "seed_database", "line": 14, "filename": "seed.py", "stack_info": null, "created": 1744187800.0166087, "taskName": null, "asctime": "2025-04-09 10:36:40,016"}
{"timestamp": "2025-04-09T08:36:40.058656", "level": "INFO", "message": "Seed del database completato!", "module": "seed", "function": "seed_database", "line": 317, "filename": "seed.py", "stack_info": null, "created": 1744187800.0584495, "taskName": null, "asctime": "2025-04-09 10:36:40,058"}
{"timestamp": "2025-04-09T08:36:40.102356", "level": "INFO", "message": "Iniziando seed del database...", "module": "seed", "function": "seed_database", "line": 14, "filename": "seed.py", "stack_info": null, "created": 1744187800.1020877, "taskName": "Task-1", "asctime": "2025-04-09 10:36:40,102"}
{"timestamp": "2025-04-09T08:36:40.102446", "level": "INFO", "message": "Iniziando seed del database...", "module": "seed", "function": "seed_database", "line": 14, "filename": "seed.py", "stack_info": null, "created": 1744187800.1020877, "taskName": "Task-1", "asctime": "2025-04-09 10:36:40,102"}
{"timestamp": "2025-04-09T08:36:40.104340", "level": "INFO", "message": "Seed del database completato!", "module": "seed", "function": "seed_database", "line": 317, "filename": "seed.py", "stack_info": null, "created": 1744187800.1041968, "taskName": "Task-1", "asctime": "2025-04-09 10:36:40,104"}
{"timestamp": "2025-04-09T08:36:40.104413", "level": "INFO", "message": "Seed del database completato!", "module": "seed", "function": "seed_database", "line": 317, "filename": "seed.py", "stack_info": null, "created": 1744187800.1041968, "taskName": "Task-1", "asctime": "2025-04-09 10:36:40,104"}
{"timestamp": "2025-04-09T08:38:01.048453", "level": "INFO", "message": "Iniziando seed del database...", "module": "seed", "function": "seed_database", "line": 14, "filename": "seed.py", "stack_info": null, "created": 1744187881.048193, "taskName": "Task-1", "asctime": "2025-04-09 10:38:01,048"}
{"timestamp": "2025-04-09T08:38:01.051560", "level": "INFO", "message": "Seed del database completato!", "module": "seed", "function": "seed_database", "line": 317, "filename": "seed.py", "stack_info": null, "created": 1744187881.0512435, "taskName": "Task-1", "asctime": "2025-04-09 10:38:01,051"}
{"timestamp": "2025-04-09T08:38:07.301425", "level": "INFO", "message": "Iniziando seed del database...", "module": "seed", "function": "seed_database", "line": 14, "filename": "seed.py", "stack_info": null, "created": 1744187887.3012042, "taskName": "Task-1", "asctime": "2025-04-09 10:38:07,301"}
{"timestamp": "2025-04-09T08:38:07.303570", "level": "INFO", "message": "Seed del database completato!", "module": "seed", "function": "seed_database", "line": 317, "filename": "seed.py", "stack_info": null, "created": 1744187887.303381, "taskName": "Task-1", "asctime": "2025-04-09 10:38:07,303"}
